<?xml version="1.0" encoding="UTF-8"?>
<testng-results total="2" passed="2" failed="0" skipped="0">
  <reporter-output>
  </reporter-output>
  <suite started-at="2019-07-25T13:39:46Z" name="Default Suite" finished-at="2019-07-25T13:40:25Z" duration-ms="38725">
    <groups>
    </groups>
    <test started-at="2019-07-25T13:39:46Z" name="Web_automation" finished-at="2019-07-25T13:40:25Z" duration-ms="38725">
      <class name="Apple">
        <test-method signature="checkLogo()[pri:0, instance:Apple@52eacb4b]" started-at="2019-07-25T16:39:46Z" name="checkLogo" finished-at="2019-07-25T16:40:12Z" duration-ms="26414" status="PASS">
          <reporter-output>
          </reporter-output>
        </test-method> <!-- checkLogo -->
        <test-method signature="checkTitle()[pri:0, instance:Apple@52eacb4b]" started-at="2019-07-25T16:40:13Z" name="checkTitle" finished-at="2019-07-25T16:40:24Z" duration-ms="11871" status="PASS">
          <reporter-output>
          </reporter-output>
        </test-method> <!-- checkTitle -->
      </class> <!-- Apple -->
    </test> <!-- Web_automation -->
  </suite> <!-- Default Suite -->
</testng-results>
